<?xml version="1.0" encoding="UTF-8"?>
<!-- Generated by org.testng.reporters.JUnitReportReporter -->
<testsuite skipped="0" hostname="DESKTOP-664S85O" name="example1.TestClass" tests="1" failures="0" timestamp="05 Apr 2017 15:42:17 GMT" time="246.731" errors="0">
  <testcase name="test" time="246.731" classname="example1.TestClass"/>
</testsuite> <!-- example1.TestClass -->
