<?xml version="1.0" encoding="UTF-8"?>
<!-- Generated by org.testng.reporters.JUnitReportReporter -->
<testsuite skipped="0" hostname="DESKTOP-664S85O" name="example1.ValidationOfCorrectSurveyEmailNotificationFunctionality_RCI187_SurveyEmails" tests="1" failures="0" timestamp="11 Apr 2017 12:27:22 GMT" time="98.175" errors="0">
  <testcase name="test" time="98.175" classname="example1.ValidationOfCorrectSurveyEmailNotificationFunctionality_RCI187_SurveyEmails"/>
</testsuite> <!-- example1.ValidationOfCorrectSurveyEmailNotificationFunctionality_RCI187_SurveyEmails -->
