<?xml version="1.0" encoding="UTF-8"?>
<!-- Generated by org.testng.reporters.JUnitReportReporter -->
<testsuite skipped="0" hostname="DESKTOP-664S85O" name="example1.TestClass" tests="1" failures="0" timestamp="14 Mar 2017 14:37:40 GMT" time="168.613" errors="0">
  <testcase name="test" time="168.613" classname="example1.TestClass"/>
</testsuite> <!-- example1.TestClass -->
