<?xml version="1.0" encoding="UTF-8"?>
<!-- Generated by org.testng.reporters.JUnitReportReporter -->
<testsuite skipped="0" hostname="DESKTOP-664S85O" name="example1.TestClass" tests="1" failures="0" timestamp="11 Apr 2017 13:54:15 GMT" time="200.667" errors="0">
  <testcase name="test" time="200.667" classname="example1.TestClass"/>
</testsuite> <!-- example1.TestClass -->
