<?xml version="1.0" encoding="UTF-8"?>
<!-- Generated by org.testng.reporters.JUnitReportReporter -->
<testsuite skipped="0" hostname="DESKTOP-664S85O" name="example1.TestClass2" tests="1" failures="0" timestamp="11 Apr 2017 10:43:55 GMT" time="264.508" errors="0">
  <testcase name="test" time="264.508" classname="example1.TestClass2"/>
</testsuite> <!-- example1.TestClass2 -->
