<?xml version="1.0" encoding="UTF-8"?>
<!-- Generated by org.testng.reporters.JUnitReportReporter -->
<testsuite skipped="0" hostname="DESKTOP-664S85O" name="example1.TestClass2" tests="1" failures="0" timestamp="14 Mar 2017 14:46:25 GMT" time="245.734" errors="0">
  <testcase name="test" time="245.734" classname="example1.TestClass2"/>
</testsuite> <!-- example1.TestClass2 -->
